<?xml version="1.0" encoding="UTF-8"?>
<!-- Generated by org.testng.reporters.JUnitReportReporter -->
<testsuite hostname="Sumair" failures="0" tests="4" name="runners.TestRunner" time="26.161" errors="0" timestamp="2025-09-18T16:26:34 IST" skipped="0">
  <testcase classname="runners.TestRunner" name="runScenario" time="5.610"/>
  <testcase classname="runners.TestRunner" name="runScenario" time="5.987"/>
  <testcase classname="runners.TestRunner" name="runScenario" time="5.812"/>
  <testcase classname="runners.TestRunner" name="runScenario" time="8.752"/>
</testsuite> <!-- runners.TestRunner -->
