<?xml version="1.0" encoding="UTF-8"?>
<!-- Generated by org.testng.reporters.JUnitReportReporter -->
<testsuite hostname="Sumair" failures="0" tests="11" name="runners.TestRunner" time="90.828" errors="0" timestamp="2025-09-22T20:58:40 IST" skipped="0">
  <testcase classname="runners.TestRunner" name="runScenario" time="6.506"/>
  <testcase classname="runners.TestRunner" name="runScenario" time="5.733"/>
  <testcase classname="runners.TestRunner" name="runScenario" time="9.629"/>
  <testcase classname="runners.TestRunner" name="runScenario" time="12.444"/>
  <testcase classname="runners.TestRunner" name="runScenario" time="10.196"/>
  <testcase classname="runners.TestRunner" name="runScenario" time="4.333"/>
  <testcase classname="runners.TestRunner" name="runScenario" time="7.518"/>
  <testcase classname="runners.TestRunner" name="runScenario" time="10.769"/>
  <testcase classname="runners.TestRunner" name="runScenario" time="7.348"/>
  <testcase classname="runners.TestRunner" name="runScenario" time="8.809"/>
  <testcase classname="runners.TestRunner" name="runScenario" time="7.543"/>
</testsuite> <!-- runners.TestRunner -->
