<?xml version="1.0" encoding="UTF-8"?>
<!-- Generated by org.testng.reporters.JUnitReportReporter -->
<testsuite hostname="Sumair" failures="0" tests="6" name="runners.TestRunner" time="41.363" errors="0" timestamp="2025-09-24T13:56:50 IST" skipped="0">
  <testcase classname="runners.TestRunner" name="runScenario" time="6.544"/>
  <testcase classname="runners.TestRunner" name="runScenario" time="8.370"/>
  <testcase classname="runners.TestRunner" name="runScenario" time="7.163"/>
  <testcase classname="runners.TestRunner" name="runScenario" time="5.866"/>
  <testcase classname="runners.TestRunner" name="runScenario" time="6.693"/>
  <testcase classname="runners.TestRunner" name="runScenario" time="6.727"/>
</testsuite> <!-- runners.TestRunner -->
