<?xml version="1.0" encoding="UTF-8"?>
<!-- Generated by org.testng.reporters.JUnitReportReporter -->
<testsuite hostname="Sumair" failures="0" tests="1" name="runners.TestRunner" time="8.085" errors="0" timestamp="2025-09-18T23:19:35 IST" skipped="0">
  <testcase classname="runners.TestRunner" name="runScenario" time="8.085"/>
</testsuite> <!-- runners.TestRunner -->
