<?xml version="1.0" encoding="UTF-8"?>
<!-- Generated by org.testng.reporters.JUnitReportReporter -->
<testsuite hostname="Sumair" failures="0" tests="1" name="runners.TestRunner" time="3.366" errors="0" timestamp="2025-10-08T20:13:56 IST" skipped="0">
  <testcase classname="runners.TestRunner" name="runScenario" time="3.366"/>
</testsuite> <!-- runners.TestRunner -->
